=== Epsilon-Kappa Sensitivity Sweep ===
Conditions: ['S3:Coupled']
κ values:   [0.0, 0.1, 0.3, 0.5, 1.0]
Seeds:      [0, 1, 2]
Total:      15 experiments
Output:     results/phase5/kappa_sweep
Method:     PPO-RHOCBF (static GP, variable ε_κ)
======================================================================

[1/15] SKIP κ=0.0 | S3:Coupled | seed=0 (exists)

[2/15] SKIP κ=0.0 | S3:Coupled | seed=1 (exists)

[3/15] SKIP κ=0.0 | S3:Coupled | seed=2 (exists)

[4/15] SKIP κ=0.1 | S3:Coupled | seed=0 (exists)

[5/15] SKIP κ=0.1 | S3:Coupled | seed=1 (exists)

[6/15] SKIP κ=0.1 | S3:Coupled | seed=2 (exists)

[7/15] SKIP κ=0.3 | S3:Coupled | seed=0 (exists)

[8/15] SKIP κ=0.3 | S3:Coupled | seed=1 (exists)

[9/15] SKIP κ=0.3 | S3:Coupled | seed=2 (exists)

[10/15] SKIP κ=0.5 | S3:Coupled | seed=0 (exists)

[11/15] κ=0.5 | S3:Coupled | seed=1
  → violation_rate=0.0023±0.0009, reward=-7836.4, time=3036s

[12/15] κ=0.5 | S3:Coupled | seed=2
  → violation_rate=0.0022±0.0009, reward=-7836.9, time=3381s

[13/15] κ=1.0 | S3:Coupled | seed=0
  → violation_rate=0.4295±0.0960, reward=-8142.4, time=3313s

[14/15] κ=1.0 | S3:Coupled | seed=1
  → violation_rate=0.3766±0.0356, reward=-8074.3, time=2994s

[15/15] κ=1.0 | S3:Coupled | seed=2
