=== Epsilon-Kappa Sensitivity Sweep ===
Conditions: ['S3:Coupled']
κ values:   [0.0, 0.1, 0.3, 0.5, 1.0]
Seeds:      [0, 1, 2]
Total:      15 experiments
Output:     results/phase5/kappa_sweep
Method:     PPO-RHOCBF (static GP, variable ε_κ)
======================================================================

[1/15] SKIP κ=0.0 | S3:Coupled | seed=0 (exists)

[2/15] SKIP κ=0.0 | S3:Coupled | seed=1 (exists)

[3/15] SKIP κ=0.0 | S3:Coupled | seed=2 (exists)

[4/15] SKIP κ=0.1 | S3:Coupled | seed=0 (exists)

[5/15] SKIP κ=0.1 | S3:Coupled | seed=1 (exists)

[6/15] κ=0.1 | S3:Coupled | seed=2
  → violation_rate=0.0000±0.0000, reward=-7968.7, time=4426s

[7/15] κ=0.3 | S3:Coupled | seed=0
  → violation_rate=0.0020±0.0007, reward=-7895.4, time=4511s

[8/15] κ=0.3 | S3:Coupled | seed=1
  → violation_rate=0.0000±0.0000, reward=-7900.5, time=4610s

[9/15] κ=0.3 | S3:Coupled | seed=2
